\BOOKMARK [1][-]{section.1}{\376\377\000E\000i\000n\000l\000e\000i\000t\000u\000n\000g}{}% 1
\BOOKMARK [1][-]{section.2}{\376\377\000P\000r\000\344\000l\000i\000m\000i\000n\000a\000r\000i\000e\000n}{}% 2
\BOOKMARK [2][-]{subsection.2.1}{\376\377\000Z\000u\000f\000a\000l\000l\000s\000p\000r\000o\000z\000e\000s\000s\000e}{section.2}% 3
\BOOKMARK [2][-]{subsection.2.2}{\376\377\000E\000v\000o\000l\000u\000t\000i\000o\000n\000\344\000r\000e\000r\000\040\000N\000a\000t\000u\000r\000a\000l\000i\000s\000m\000u\000s}{section.2}% 4
\BOOKMARK [2][-]{subsection.2.3}{\376\377\000D\000a\000r\000w\000i\000n\000i\000s\000t\000i\000s\000c\000h\000e\000\040\000M\000e\000c\000h\000a\000n\000i\000s\000m\000e\000n}{section.2}% 5
\BOOKMARK [2][-]{subsection.2.4}{\376\377\000O\000b\000j\000e\000k\000t\000i\000v\000e\000\040\000u\000n\000d\000\040\000s\000u\000b\000j\000e\000k\000t\000i\000v\000e\000\040\000m\000o\000r\000a\000l\000i\000s\000c\000h\000e\000\040\000F\000a\000k\000t\000e\000n}{section.2}% 6
\BOOKMARK [2][-]{subsection.2.5}{\376\377\000G\000o\000t\000t}{section.2}% 7
\BOOKMARK [1][-]{section.3}{\376\377\000M\000o\000r\000a\000l\000i\000s\000c\000h\000e\000s\000\040\000A\000r\000g\000u\000m\000e\000n\000t\000\040\000c\000o\000n\000t\000r\000a\000\040\000N\000a\000t\000u\000r\000a\000l\000i\000s\000m\000u\000s}{}% 8
\BOOKMARK [2][-]{subsection.3.1}{\376\377\000K\000e\000r\000n\000a\000r\000g\000u\000m\000e\000n\000t}{section.3}% 9
\BOOKMARK [3][-]{subsubsection.3.1.1}{\376\377\000F\000o\000r\000m\000a\000l\000e\000\040\000S\000t\000r\000u\000k\000t\000u\000r\000\040\000u\000n\000d\000\040\000G\000\374\000l\000t\000i\000g\000k\000e\000i\000t}{subsection.3.1}% 10
\BOOKMARK [2][-]{subsection.3.2}{\376\377\000A\000l\000l\000g\000e\000m\000e\000i\000n\000e\000\040\000B\000e\000m\000e\000r\000k\000u\000n\000g\000e\000n\000\040\000u\000n\000d\000\040\000E\000i\000n\000w\000\344\000n\000d\000e}{section.3}% 11
\BOOKMARK [2][-]{subsection.3.3}{\376\377\000D\000i\000s\000k\000u\000s\000s\000i\000o\000n\000\040\000v\000o\000n\000\040\000P\000r\000\344\000m\000i\000s\000s\000e\000\040\000\050\0001\000\051}{section.3}% 12
\BOOKMARK [2][-]{subsection.3.4}{\376\377\000D\000i\000s\000k\000u\000s\000s\000i\000o\000n\000\040\000v\000o\000n\000\040\000P\000r\000\344\000m\000i\000s\000s\000e\000\040\000\050\0002\000\051}{section.3}% 13
\BOOKMARK [2][-]{subsection.3.5}{\376\377\000D\000i\000s\000k\000u\000s\000s\000i\000o\000n\000\040\000v\000o\000n\000\040\000P\000r\000\344\000m\000i\000s\000s\000e\000\040\000\050\0003\000\051}{section.3}% 14
\BOOKMARK [1][-]{section.4}{\376\377\000M\000o\000r\000a\000l\000i\000s\000c\000h\000e\000s\000\040\000A\000r\000g\000u\000m\000e\000n\000t\000\040\000p\000r\000o\000\040\000T\000h\000e\000i\000s\000m\000u\000s}{}% 15
\BOOKMARK [2][-]{subsection.4.1}{\376\377\000K\000e\000r\000n\000a\000r\000g\000u\000m\000e\000n\000t}{section.4}% 16
\BOOKMARK [3][-]{subsubsection.4.1.1}{\376\377\000F\000o\000r\000m\000a\000l\000e\000\040\000S\000t\000r\000u\000k\000t\000u\000r\000\040\000u\000n\000d\000\040\000G\000\374\000l\000t\000i\000g\000k\000e\000i\000t}{subsection.4.1}% 17
\BOOKMARK [2][-]{subsection.4.2}{\376\377\000A\000l\000l\000g\000e\000m\000e\000i\000n\000e\000\040\000B\000e\000m\000e\000r\000k\000u\000n\000g\000e\000n\000\040\000u\000n\000d\000\040\000E\000i\000n\000w\000\344\000n\000d\000e}{section.4}% 18
\BOOKMARK [2][-]{subsection.4.3}{\376\377\000D\000i\000s\000k\000u\000s\000s\000i\000o\000n\000\040\000v\000o\000n\000\040\000P\000r\000\344\000m\000i\000s\000s\000e\000\040\000\050\0005\000\051}{section.4}% 19
\BOOKMARK [1][-]{section.5}{\376\377\000S\000c\000h\000l\000u\000s\000s\000w\000o\000r\000t}{}% 20
\BOOKMARK [1][-]{section.6}{\376\377\000A\000n\000h\000a\000n\000g}{}% 21
\BOOKMARK [2][-]{subsection.6.1}{\376\377\000B\000a\000y\000e\000s\000i\000a\000n\000i\000s\000c\000h\000e\000s\000\040\000W\000a\000h\000r\000s\000c\000h\000e\000i\000n\000l\000i\000c\000h\000k\000e\000i\000t\000s\000k\000a\000l\000k\000\374\000l}{section.6}% 22
\BOOKMARK [2][-]{subsection.6.2}{\376\377\000K\000l\000a\000s\000s\000i\000s\000c\000h\000e\000\040\000A\000u\000s\000s\000a\000g\000e\000n\000l\000o\000g\000i\000k}{section.6}% 23
\BOOKMARK [3][-]{subsubsection.6.2.1}{\376\377\000S\000y\000n\000t\000a\000x}{subsection.6.2}% 24
\BOOKMARK [3][-]{subsubsection.6.2.2}{\376\377\000S\000e\000m\000a\000n\000t\000i\000k}{subsection.6.2}% 25
\BOOKMARK [3][-]{subsubsection.6.2.3}{\376\377\000B\000e\000w\000e\000i\000s\000m\000e\000t\000h\000o\000d\000i\000k}{subsection.6.2}% 26
\BOOKMARK [2][-]{subsection.6.3}{\376\377\000N\000o\000t\000w\000e\000n\000d\000i\000g\000k\000e\000i\000t\000,\000\040\000M\000\366\000g\000l\000i\000c\000h\000k\000e\000i\000t\000\040\000u\000n\000d\000\040\000K\000o\000n\000t\000i\000n\000g\000e\000n\000z}{section.6}% 27
\BOOKMARK [1][-]{section.7}{\376\377\000L\000i\000t\000e\000r\000a\000t\000u\000r}{}% 28
